  main.cpp
E:\code\Common\william_TinySTL\TinySTL\TinySTL\include\tiny_vector.h(76,1): warning C4346:  'Iterator': dependent name is not a type
E:\code\Common\william_TinySTL\TinySTL\TinySTL\include\tiny_vector.h(76,1): message :  prefix with 'typename' to indicate a type
E:\code\Common\william_TinySTL\TinySTL\TinySTL\include\tiny_vector.h(76,1): error C2061:  syntax error: identifier 'Iterator'
E:\code\Common\william_TinySTL\TinySTL\TinySTL\include\tiny_vector.h(77,2): error C2143:  syntax error: missing ';' before '{'
E:\code\Common\william_TinySTL\TinySTL\TinySTL\include\tiny_vector.h(77,2): error C2447:  '{': missing function header (old-style formal list?)
E:\code\Common\william_TinySTL\TinySTL\TinySTL\include\tiny_vector.h(100,1): warning C4346:  'Iterator': dependent name is not a type
E:\code\Common\william_TinySTL\TinySTL\TinySTL\include\tiny_vector.h(100,1): message :  prefix with 'typename' to indicate a type
E:\code\Common\william_TinySTL\TinySTL\TinySTL\include\tiny_vector.h(100,1): error C2061:  syntax error: identifier 'Iterator'
E:\code\Common\william_TinySTL\TinySTL\TinySTL\include\tiny_vector.h(101,2): error C2143:  syntax error: missing ';' before '{'
E:\code\Common\william_TinySTL\TinySTL\TinySTL\include\tiny_vector.h(101,2): error C2447:  '{': missing function header (old-style formal list?)
E:\code\Common\william_TinySTL\TinySTL\TinySTL\include\tiny_vector.h(106,1): warning C4346:  'Iterator': dependent name is not a type
E:\code\Common\william_TinySTL\TinySTL\TinySTL\include\tiny_vector.h(106,1): message :  prefix with 'typename' to indicate a type
E:\code\Common\william_TinySTL\TinySTL\TinySTL\include\tiny_vector.h(106,1): error C2061:  syntax error: identifier 'Iterator'
E:\code\Common\william_TinySTL\TinySTL\TinySTL\include\tiny_vector.h(107,2): error C2143:  syntax error: missing ';' before '{'
E:\code\Common\william_TinySTL\TinySTL\TinySTL\include\tiny_vector.h(107,2): error C2447:  '{': missing function header (old-style formal list?)
E:\code\Common\william_TinySTL\TinySTL\TinySTL\include\tiny_vector.h(112,1): warning C4346:  'Const_Iterator': dependent name is not a type
E:\code\Common\william_TinySTL\TinySTL\TinySTL\include\tiny_vector.h(112,1): message :  prefix with 'typename' to indicate a type
E:\code\Common\william_TinySTL\TinySTL\TinySTL\include\tiny_vector.h(112,1): error C2061:  syntax error: identifier 'Const_Iterator'
E:\code\Common\william_TinySTL\TinySTL\TinySTL\include\tiny_vector.h(113,2): error C2143:  syntax error: missing ';' before '{'
E:\code\Common\william_TinySTL\TinySTL\TinySTL\include\tiny_vector.h(113,2): error C2447:  '{': missing function header (old-style formal list?)
E:\code\Common\william_TinySTL\TinySTL\TinySTL\include\tiny_vector.h(118,1): warning C4346:  'Const_Iterator': dependent name is not a type
E:\code\Common\william_TinySTL\TinySTL\TinySTL\include\tiny_vector.h(118,1): message :  prefix with 'typename' to indicate a type
E:\code\Common\william_TinySTL\TinySTL\TinySTL\include\tiny_vector.h(118,1): error C2061:  syntax error: identifier 'Const_Iterator'
E:\code\Common\william_TinySTL\TinySTL\TinySTL\include\tiny_vector.h(119,2): error C2143:  syntax error: missing ';' before '{'
E:\code\Common\william_TinySTL\TinySTL\TinySTL\include\tiny_vector.h(119,2): error C2447:  '{': missing function header (old-style formal list?)
